2025-05-15 12:44:16 [error]: Failed to save HTTP log to database
2025-05-15 12:48:42 [error]: Failed to save HTTP log to database
2025-05-15 12:49:11 [error]: Failed to save HTTP log to database
2025-05-15 12:49:27 [error]: Failed to save HTTP log to database
2025-05-15 19:34:55 [error]: Cannot read properties of undefined (reading 'id')
2025-05-15 19:34:55 [error]: Cannot read properties of undefined (reading 'id')
2025-05-15 19:37:05 [error]: Event is not associated to Notification!
2025-05-15 19:50:16 [error]: Event is not associated to Notification!
2025-05-15 19:53:08 [error]: Event is not associated to Notification!
2025-05-15 20:32:41 [error]: Event is not associated to Notification!
2025-05-16 12:02:33 [error]: relation "events" does not exist
2025-05-16 12:37:07 [error]: Cannot set headers after they are sent to the client
2025-05-16 12:37:59 [error]: Cannot set headers after they are sent to the client
2025-05-16 12:38:30 [error]: Cannot set headers after they are sent to the client
2025-05-16 12:39:48 [error]: Cannot set headers after they are sent to the client
2025-05-16 12:58:40 [error]: Verify error
2025-05-16 13:15:28 [error]: Verify error
2025-05-16 13:55:54 [error]: notNull Violation: Notification.userId cannot be null
2025-05-16 13:58:16 [error]: notNull Violation: Notification.userId cannot be null
2025-05-16 13:59:15 [error]: notNull Violation: Notification.userId cannot be null
2025-05-16 14:00:41 [error]: column "nan" does not exist
2025-05-16 14:00:42 [error]: column "nan" does not exist
2025-05-16 14:00:44 [error]: column "nan" does not exist
2025-05-16 14:00:45 [error]: column "nan" does not exist
2025-05-16 16:44:08 [error]: column "nan" does not exist
2025-05-16 16:44:09 [error]: column "nan" does not exist
2025-05-16 16:46:06 [error]: invalid input syntax for type integer: "[object Object]"
2025-05-16 16:46:10 [error]: invalid input syntax for type integer: "[object Object]"
2025-05-21 17:37:57 [error]: Error fetching user data
2025-05-21 17:38:31 [error]: Error fetching user data
2025-05-21 17:38:35 [error]: Error fetching user data
2025-05-21 18:00:39 [error]: Error fetching user data
2025-05-21 18:01:26 [error]: Login error
2025-05-21 18:02:54 [error]: Login error
2025-05-21 18:04:46 [error]: Error fetching user data
2025-05-21 18:04:52 [error]: Error fetching user data
2025-05-21 18:06:56 [error]: Login error
2025-05-21 18:12:52 [error]: Verify error
2025-05-21 18:16:11 [error]: Verify error
2025-05-21 18:21:38 [error]: Error fetching user data
2025-05-21 18:22:36 [error]: Error fetching user data
2025-05-21 18:24:30 [error]: Error fetching user data
2025-05-21 18:25:57 [error]: Error fetching user data
2025-05-21 18:26:59 [error]: Error fetching user data
2025-05-21 18:27:38 [error]: Error fetching user data
2025-05-21 18:28:51 [error]: Error fetching user data
